2022-03-16 14:56:00.516 [INFO ] [ab.event.ThingStatusInfoChangedEvent] - Thing 'tplinksmarthome:hs100:9C0AB7' changed from UNKNOWN to ONLINE
2022-03-16 14:56:00.583 [INFO ] [ab.event.ThingStatusInfoChangedEvent] - Thing 'tplinksmarthome:hs100:9D12EA' changed from UNKNOWN to ONLINE
2022-03-16 15:14:32.867 [INFO ] [openhab.event.ItemCommandEvent      ] - Item 'Testitem_sp2' received command ON
2022-03-16 15:14:32.868 [INFO ] [openhab.event.ItemStateChangedEvent ] - Item 'Testitem_sp2' changed from NULL to ON
2022-03-16 15:14:33.241 [INFO ] [openhab.event.ItemCommandEvent      ] - Item 'Testitem_sp2' received command OFF
2022-03-16 15:14:33.242 [INFO ] [openhab.event.ItemStateChangedEvent ] - Item 'Testitem_sp2' changed from ON to OFF
2022-03-16 15:14:33.600 [INFO ] [openhab.event.ItemCommandEvent      ] - Item 'Testitem_sp2' received command ON
2022-03-16 15:14:33.601 [INFO ] [openhab.event.ItemStateChangedEvent ] - Item 'Testitem_sp2' changed from OFF to ON
2022-03-16 15:14:33.840 [INFO ] [openhab.event.ItemCommandEvent      ] - Item 'Testitem_sp2' received command OFF
2022-03-16 15:14:33.841 [INFO ] [openhab.event.ItemStateChangedEvent ] - Item 'Testitem_sp2' changed from ON to OFF
2022-03-16 15:14:34.023 [INFO ] [openhab.event.ItemCommandEvent      ] - Item 'Testitem_sp2' received command ON
2022-03-16 15:14:34.024 [INFO ] [openhab.event.ItemStateChangedEvent ] - Item 'Testitem_sp2' changed from OFF to ON
2022-03-16 15:14:34.192 [INFO ] [openhab.event.ItemCommandEvent      ] - Item 'Testitem_sp2' received command OFF
2022-03-16 15:14:34.192 [INFO ] [openhab.event.ItemStateChangedEvent ] - Item 'Testitem_sp2' changed from ON to OFF
2022-03-16 15:14:34.352 [INFO ] [openhab.event.ItemCommandEvent      ] - Item 'Testitem_sp2' received command ON
2022-03-16 15:14:34.352 [INFO ] [openhab.event.ItemStateChangedEvent ] - Item 'Testitem_sp2' changed from OFF to ON
2022-03-16 15:14:34.512 [INFO ] [openhab.event.ItemCommandEvent      ] - Item 'Testitem_sp2' received command OFF
2022-03-16 15:14:34.512 [INFO ] [openhab.event.ItemStateChangedEvent ] - Item 'Testitem_sp2' changed from ON to OFF
2022-03-16 15:14:34.671 [INFO ] [openhab.event.ItemCommandEvent      ] - Item 'Testitem_sp2' received command ON
2022-03-16 15:14:34.672 [INFO ] [openhab.event.ItemStateChangedEvent ] - Item 'Testitem_sp2' changed from OFF to ON
2022-03-16 15:14:34.832 [INFO ] [openhab.event.ItemCommandEvent      ] - Item 'Testitem_sp2' received command OFF
2022-03-16 15:14:34.832 [INFO ] [openhab.event.ItemStateChangedEvent ] - Item 'Testitem_sp2' changed from ON to OFF
2022-03-16 15:14:34.983 [INFO ] [openhab.event.ItemCommandEvent      ] - Item 'Testitem_sp2' received command ON
2022-03-16 15:14:34.984 [INFO ] [openhab.event.ItemStateChangedEvent ] - Item 'Testitem_sp2' changed from OFF to ON
2022-03-16 15:14:35.144 [INFO ] [openhab.event.ItemCommandEvent      ] - Item 'Testitem_sp2' received command OFF
2022-03-16 15:14:35.144 [INFO ] [openhab.event.ItemStateChangedEvent ] - Item 'Testitem_sp2' changed from ON to OFF
2022-03-16 15:14:35.311 [INFO ] [openhab.event.ItemCommandEvent      ] - Item 'Testitem_sp2' received command ON
2022-03-16 15:14:35.313 [INFO ] [openhab.event.ItemStateChangedEvent ] - Item 'Testitem_sp2' changed from OFF to ON
2022-03-16 15:14:35.512 [INFO ] [openhab.event.ItemCommandEvent      ] - Item 'Testitem_sp2' received command OFF
2022-03-16 15:14:35.512 [INFO ] [openhab.event.ItemStateChangedEvent ] - Item 'Testitem_sp2' changed from ON to OFF
2022-03-16 15:14:35.648 [INFO ] [openhab.event.ItemCommandEvent      ] - Item 'Testitem_sp2' received command ON
2022-03-16 15:14:35.649 [INFO ] [openhab.event.ItemStateChangedEvent ] - Item 'Testitem_sp2' changed from OFF to ON
2022-03-16 15:14:35.800 [INFO ] [openhab.event.ItemCommandEvent      ] - Item 'Testitem_sp2' received command OFF
2022-03-16 15:14:35.801 [INFO ] [openhab.event.ItemStateChangedEvent ] - Item 'Testitem_sp2' changed from ON to OFF
2022-03-16 15:14:35.991 [INFO ] [openhab.event.ItemCommandEvent      ] - Item 'Testitem_sp2' received command ON
2022-03-16 15:14:35.992 [INFO ] [openhab.event.ItemStateChangedEvent ] - Item 'Testitem_sp2' changed from OFF to ON
2022-03-16 15:14:36.168 [INFO ] [openhab.event.ItemCommandEvent      ] - Item 'Testitem_sp2' received command OFF
2022-03-16 15:14:36.168 [INFO ] [openhab.event.ItemStateChangedEvent ] - Item 'Testitem_sp2' changed from ON to OFF
2022-03-16 15:14:36.311 [INFO ] [openhab.event.ItemCommandEvent      ] - Item 'Testitem_sp2' received command ON
2022-03-16 15:14:36.312 [INFO ] [openhab.event.ItemStateChangedEvent ] - Item 'Testitem_sp2' changed from OFF to ON
2022-03-16 15:14:36.472 [INFO ] [openhab.event.ItemCommandEvent      ] - Item 'Testitem_sp2' received command OFF
2022-03-16 15:14:36.472 [INFO ] [openhab.event.ItemStateChangedEvent ] - Item 'Testitem_sp2' changed from ON to OFF
2022-03-16 15:14:36.608 [INFO ] [openhab.event.ItemCommandEvent      ] - Item 'Testitem_sp2' received command ON
2022-03-16 15:14:36.609 [INFO ] [openhab.event.ItemStateChangedEvent ] - Item 'Testitem_sp2' changed from OFF to ON
2022-03-16 15:14:36.775 [INFO ] [openhab.event.ItemCommandEvent      ] - Item 'Testitem_sp2' received command OFF
2022-03-16 15:14:36.776 [INFO ] [openhab.event.ItemStateChangedEvent ] - Item 'Testitem_sp2' changed from ON to OFF
2022-03-16 15:14:36.983 [INFO ] [openhab.event.ItemCommandEvent      ] - Item 'Testitem_sp2' received command ON
2022-03-16 15:14:36.984 [INFO ] [openhab.event.ItemStateChangedEvent ] - Item 'Testitem_sp2' changed from OFF to ON
2022-03-16 15:14:37.159 [INFO ] [openhab.event.ItemCommandEvent      ] - Item 'Testitem_sp2' received command OFF
2022-03-16 15:14:37.160 [INFO ] [openhab.event.ItemStateChangedEvent ] - Item 'Testitem_sp2' changed from ON to OFF
2022-03-16 15:15:44.987 [INFO ] [openhab.event.ItemStateChangedEvent ] - Item 'Testitem_sp2' changed from NULL to OFF
2022-03-16 15:19:35.256 [INFO ] [openhab.event.ItemCommandEvent      ] - Item 'Testitem_sp2' received command ON
2022-03-16 15:19:35.257 [INFO ] [openhab.event.ItemStateChangedEvent ] - Item 'Testitem_sp2' changed from OFF to ON
2022-03-16 15:19:35.695 [INFO ] [openhab.event.ItemCommandEvent      ] - Item 'Testitem_sp2' received command OFF
2022-03-16 15:19:35.696 [INFO ] [openhab.event.ItemStateChangedEvent ] - Item 'Testitem_sp2' changed from ON to OFF
2022-03-16 15:20:23.568 [INFO ] [openhab.event.ItemStateChangedEvent ] - Item 'Testitem_sp2' changed from OFF to ON
2022-03-16 15:20:41.055 [INFO ] [openhab.event.ItemCommandEvent      ] - Item 'Testitem_sp2' received command OFF
2022-03-16 15:20:41.056 [INFO ] [penhab.event.ItemStatePredictedEvent] - Item 'Testitem_sp2' predicted to become OFF
2022-03-16 15:20:41.058 [INFO ] [openhab.event.ItemStateChangedEvent ] - Item 'Testitem_sp2' changed from ON to OFF
2022-03-16 15:20:41.345 [INFO ] [openhab.event.ItemStateChangedEvent ] - Item 'SP2_Power' changed from ON to OFF
2022-03-16 15:20:41.601 [INFO ] [openhab.event.ItemCommandEvent      ] - Item 'Testitem_sp2' received command ON
2022-03-16 15:20:41.603 [INFO ] [penhab.event.ItemStatePredictedEvent] - Item 'Testitem_sp2' predicted to become ON
2022-03-16 15:20:41.604 [INFO ] [openhab.event.ItemStateChangedEvent ] - Item 'Testitem_sp2' changed from OFF to ON
2022-03-16 15:20:42.257 [INFO ] [openhab.event.ItemStateChangedEvent ] - Item 'SP2_Power' changed from OFF to ON
2022-03-16 15:20:42.398 [INFO ] [openhab.event.ItemCommandEvent      ] - Item 'Testitem_sp2' received command OFF
2022-03-16 15:20:42.399 [INFO ] [penhab.event.ItemStatePredictedEvent] - Item 'Testitem_sp2' predicted to become OFF
2022-03-16 15:20:42.400 [INFO ] [openhab.event.ItemStateChangedEvent ] - Item 'Testitem_sp2' changed from ON to OFF
2022-03-16 15:20:43.033 [INFO ] [openhab.event.ItemCommandEvent      ] - Item 'Testitem_sp2' received command ON
2022-03-16 15:20:43.034 [INFO ] [penhab.event.ItemStatePredictedEvent] - Item 'Testitem_sp2' predicted to become ON
2022-03-16 15:20:43.035 [INFO ] [openhab.event.ItemStateChangedEvent ] - Item 'Testitem_sp2' changed from OFF to ON
2022-03-16 15:20:43.061 [INFO ] [openhab.event.ItemStateChangedEvent ] - Item 'SP2_Power' changed from ON to OFF
2022-03-16 15:20:43.062 [INFO ] [openhab.event.ItemStateChangedEvent ] - Item 'Testitem_sp2' changed from ON to OFF
2022-03-16 15:20:43.348 [INFO ] [openhab.event.ItemStateChangedEvent ] - Item 'SP2_Power' changed from OFF to ON
2022-03-16 15:20:43.348 [INFO ] [openhab.event.ItemStateChangedEvent ] - Item 'Testitem_sp2' changed from OFF to ON
2022-03-16 15:21:35.012 [INFO ] [openhab.event.ItemCommandEvent      ] - Item 'Testitem_sp2' received command OFF
2022-03-16 15:21:35.013 [INFO ] [penhab.event.ItemStatePredictedEvent] - Item 'Testitem_sp2' predicted to become OFF
2022-03-16 15:21:35.015 [INFO ] [openhab.event.ItemStateChangedEvent ] - Item 'Testitem_sp2' changed from ON to OFF
2022-03-16 15:21:35.299 [INFO ] [openhab.event.ItemStateChangedEvent ] - Item 'SP2_Power' changed from ON to OFF
2022-03-16 15:21:35.423 [INFO ] [openhab.event.ItemCommandEvent      ] - Item 'Testitem_sp2' received command ON
2022-03-16 15:21:35.424 [INFO ] [penhab.event.ItemStatePredictedEvent] - Item 'Testitem_sp2' predicted to become ON
2022-03-16 15:21:35.425 [INFO ] [openhab.event.ItemStateChangedEvent ] - Item 'Testitem_sp2' changed from OFF to ON
2022-03-16 15:21:36.052 [INFO ] [openhab.event.ItemStateChangedEvent ] - Item 'SP2_Power' changed from OFF to ON
2022-03-16 15:21:36.854 [INFO ] [openhab.event.ItemCommandEvent      ] - Item 'Testitem_sp2' received command OFF
2022-03-16 15:21:36.855 [INFO ] [penhab.event.ItemStatePredictedEvent] - Item 'Testitem_sp2' predicted to become OFF
2022-03-16 15:21:36.856 [INFO ] [openhab.event.ItemStateChangedEvent ] - Item 'Testitem_sp2' changed from ON to OFF
2022-03-16 15:21:37.104 [INFO ] [openhab.event.ItemStateChangedEvent ] - Item 'SP2_Power' changed from ON to OFF
2022-03-16 15:21:37.664 [INFO ] [openhab.event.ItemCommandEvent      ] - Item 'Testitem_sp2' received command ON
2022-03-16 15:21:37.665 [INFO ] [penhab.event.ItemStatePredictedEvent] - Item 'Testitem_sp2' predicted to become ON
2022-03-16 15:21:37.667 [INFO ] [openhab.event.ItemStateChangedEvent ] - Item 'Testitem_sp2' changed from OFF to ON
2022-03-16 15:21:37.897 [INFO ] [openhab.event.ItemStateChangedEvent ] - Item 'SP2_Power' changed from OFF to ON
2022-03-16 15:21:38.346 [INFO ] [openhab.event.ItemCommandEvent      ] - Item 'Testitem_sp2' received command OFF
2022-03-16 15:21:38.347 [INFO ] [penhab.event.ItemStatePredictedEvent] - Item 'Testitem_sp2' predicted to become OFF
2022-03-16 15:21:38.348 [INFO ] [openhab.event.ItemStateChangedEvent ] - Item 'Testitem_sp2' changed from ON to OFF
2022-03-16 15:21:38.837 [INFO ] [openhab.event.ItemStateChangedEvent ] - Item 'SP2_Power' changed from ON to OFF
2022-03-16 15:21:39.200 [INFO ] [openhab.event.ItemCommandEvent      ] - Item 'Testitem_sp2' received command ON
2022-03-16 15:21:39.201 [INFO ] [penhab.event.ItemStatePredictedEvent] - Item 'Testitem_sp2' predicted to become ON
2022-03-16 15:21:39.202 [INFO ] [openhab.event.ItemStateChangedEvent ] - Item 'Testitem_sp2' changed from OFF to ON
2022-03-16 15:21:39.834 [INFO ] [openhab.event.ItemStateChangedEvent ] - Item 'SP2_Power' changed from OFF to ON
2022-03-16 15:23:19.004 [INFO ] [openhab.event.ItemStateChangedEvent ] - Item 'Testitem_sp2' changed from NULL to ON
2022-03-16 15:25:21.463 [INFO ] [openhab.event.ItemCommandEvent      ] - Item 'Testitem_sp2' received command OFF
2022-03-16 15:25:21.464 [INFO ] [penhab.event.ItemStatePredictedEvent] - Item 'Testitem_sp2' predicted to become OFF
2022-03-16 15:25:21.464 [INFO ] [openhab.event.ItemStateChangedEvent ] - Item 'Testitem_sp2' changed from ON to OFF
2022-03-16 15:25:21.746 [INFO ] [openhab.event.ItemStateChangedEvent ] - Item 'SP2_Power' changed from ON to OFF
2022-03-16 15:25:22.047 [INFO ] [openhab.event.ItemCommandEvent      ] - Item 'Testitem_sp2' received command ON
2022-03-16 15:25:22.047 [INFO ] [penhab.event.ItemStatePredictedEvent] - Item 'Testitem_sp2' predicted to become ON
2022-03-16 15:25:22.048 [INFO ] [openhab.event.ItemStateChangedEvent ] - Item 'Testitem_sp2' changed from OFF to ON
2022-03-16 15:25:22.614 [INFO ] [openhab.event.ItemCommandEvent      ] - Item 'Testitem_sp2' received command OFF
2022-03-16 15:25:22.614 [INFO ] [penhab.event.ItemStatePredictedEvent] - Item 'Testitem_sp2' predicted to become OFF
2022-03-16 15:25:22.615 [INFO ] [openhab.event.ItemStateChangedEvent ] - Item 'Testitem_sp2' changed from ON to OFF
2022-03-16 15:25:22.674 [INFO ] [openhab.event.ItemStateChangedEvent ] - Item 'SP2_Power' changed from OFF to ON
2022-03-16 15:25:22.674 [INFO ] [openhab.event.ItemStateChangedEvent ] - Item 'Testitem_sp2' changed from OFF to ON
2022-03-16 15:25:23.325 [INFO ] [openhab.event.ItemStateChangedEvent ] - Item 'SP2_Power' changed from ON to OFF
2022-03-16 15:25:23.326 [INFO ] [openhab.event.ItemStateChangedEvent ] - Item 'Testitem_sp2' changed from ON to OFF
2022-03-16 15:25:23.398 [INFO ] [openhab.event.ItemCommandEvent      ] - Item 'Testitem_sp2' received command ON
2022-03-16 15:25:23.399 [INFO ] [penhab.event.ItemStatePredictedEvent] - Item 'Testitem_sp2' predicted to become ON
2022-03-16 15:25:23.400 [INFO ] [openhab.event.ItemStateChangedEvent ] - Item 'Testitem_sp2' changed from OFF to ON
2022-03-16 15:25:23.619 [INFO ] [openhab.event.ItemStateChangedEvent ] - Item 'SP2_Power' changed from OFF to ON
2022-03-16 15:25:23.976 [INFO ] [openhab.event.ItemCommandEvent      ] - Item 'Testitem_sp2' received command OFF
2022-03-16 15:25:23.976 [INFO ] [penhab.event.ItemStatePredictedEvent] - Item 'Testitem_sp2' predicted to become OFF
2022-03-16 15:25:23.978 [INFO ] [openhab.event.ItemStateChangedEvent ] - Item 'Testitem_sp2' changed from ON to OFF
2022-03-16 15:25:24.562 [INFO ] [openhab.event.ItemStateChangedEvent ] - Item 'SP2_Power' changed from ON to OFF
2022-03-16 15:25:24.839 [INFO ] [openhab.event.ItemCommandEvent      ] - Item 'Testitem_sp2' received command ON
2022-03-16 15:25:24.839 [INFO ] [penhab.event.ItemStatePredictedEvent] - Item 'Testitem_sp2' predicted to become ON
2022-03-16 15:25:24.840 [INFO ] [openhab.event.ItemStateChangedEvent ] - Item 'Testitem_sp2' changed from OFF to ON
2022-03-16 15:25:25.373 [INFO ] [openhab.event.ItemStateChangedEvent ] - Item 'SP2_Power' changed from OFF to ON
2022-03-16 15:25:36.829 [INFO ] [openhab.event.ItemStateChangedEvent ] - Item 'Testitem_sp2' changed from NULL to ON
2022-03-16 15:25:47.368 [INFO ] [openhab.event.ItemCommandEvent      ] - Item 'Testitem_sp2' received command OFF
2022-03-16 15:25:47.369 [INFO ] [penhab.event.ItemStatePredictedEvent] - Item 'Testitem_sp2' predicted to become OFF
2022-03-16 15:25:47.370 [INFO ] [openhab.event.ItemStateChangedEvent ] - Item 'Testitem_sp2' changed from ON to OFF
2022-03-16 15:25:47.566 [INFO ] [openhab.event.ItemStateChangedEvent ] - Item 'SP2_Power' changed from ON to OFF
2022-03-16 15:25:47.863 [INFO ] [openhab.event.ItemCommandEvent      ] - Item 'Testitem_sp2' received command ON
2022-03-16 15:25:47.864 [INFO ] [penhab.event.ItemStatePredictedEvent] - Item 'Testitem_sp2' predicted to become ON
2022-03-16 15:25:47.864 [INFO ] [openhab.event.ItemStateChangedEvent ] - Item 'Testitem_sp2' changed from OFF to ON
2022-03-16 15:25:48.287 [INFO ] [openhab.event.ItemCommandEvent      ] - Item 'Testitem_sp2' received command OFF
2022-03-16 15:25:48.287 [INFO ] [penhab.event.ItemStatePredictedEvent] - Item 'Testitem_sp2' predicted to become OFF
2022-03-16 15:25:48.288 [INFO ] [openhab.event.ItemStateChangedEvent ] - Item 'Testitem_sp2' changed from ON to OFF
2022-03-16 15:25:48.321 [INFO ] [openhab.event.ItemStateChangedEvent ] - Item 'SP2_Power' changed from OFF to ON
2022-03-16 15:25:48.322 [INFO ] [openhab.event.ItemStateChangedEvent ] - Item 'Testitem_sp2' changed from OFF to ON
2022-03-16 15:25:48.919 [INFO ] [openhab.event.ItemCommandEvent      ] - Item 'Testitem_sp2' received command OFF
2022-03-16 15:25:48.920 [INFO ] [penhab.event.ItemStatePredictedEvent] - Item 'Testitem_sp2' predicted to become OFF
2022-03-16 15:25:48.921 [INFO ] [openhab.event.ItemStateChangedEvent ] - Item 'Testitem_sp2' changed from ON to OFF
2022-03-16 15:25:48.974 [INFO ] [openhab.event.ItemStateChangedEvent ] - Item 'SP2_Power' changed from ON to OFF
2022-03-16 15:25:49.294 [INFO ] [openhab.event.ItemCommandEvent      ] - Item 'Testitem_sp2' received command ON
2022-03-16 15:25:49.295 [INFO ] [penhab.event.ItemStatePredictedEvent] - Item 'Testitem_sp2' predicted to become ON
2022-03-16 15:25:49.296 [INFO ] [openhab.event.ItemStateChangedEvent ] - Item 'Testitem_sp2' changed from OFF to ON
2022-03-16 15:25:49.703 [INFO ] [openhab.event.ItemCommandEvent      ] - Item 'Testitem_sp2' received command OFF
2022-03-16 15:25:49.704 [INFO ] [penhab.event.ItemStatePredictedEvent] - Item 'Testitem_sp2' predicted to become OFF
2022-03-16 15:25:49.705 [INFO ] [openhab.event.ItemStateChangedEvent ] - Item 'Testitem_sp2' changed from ON to OFF
2022-03-16 15:25:49.919 [INFO ] [openhab.event.ItemStateChangedEvent ] - Item 'SP2_Power' changed from OFF to ON
2022-03-16 15:25:49.920 [INFO ] [openhab.event.ItemStateChangedEvent ] - Item 'Testitem_sp2' changed from OFF to ON
2022-03-16 15:25:49.927 [INFO ] [openhab.event.ItemCommandEvent      ] - Item 'Testitem_sp2' received command ON
2022-03-16 15:25:49.928 [INFO ] [penhab.event.ItemStatePredictedEvent] - Item 'Testitem_sp2' predicted to become ON
2022-03-16 15:25:50.150 [INFO ] [openhab.event.ItemCommandEvent      ] - Item 'Testitem_sp2' received command OFF
2022-03-16 15:25:50.150 [INFO ] [penhab.event.ItemStatePredictedEvent] - Item 'Testitem_sp2' predicted to become OFF
2022-03-16 15:25:50.151 [INFO ] [openhab.event.ItemStateChangedEvent ] - Item 'Testitem_sp2' changed from ON to OFF
2022-03-16 15:25:50.217 [INFO ] [openhab.event.ItemStateChangedEvent ] - Item 'SP2_Power' changed from ON to OFF
2022-03-16 15:25:50.350 [INFO ] [openhab.event.ItemCommandEvent      ] - Item 'Testitem_sp2' received command ON
2022-03-16 15:25:50.351 [INFO ] [penhab.event.ItemStatePredictedEvent] - Item 'Testitem_sp2' predicted to become ON
2022-03-16 15:25:50.351 [INFO ] [openhab.event.ItemStateChangedEvent ] - Item 'Testitem_sp2' changed from OFF to ON
2022-03-16 15:25:50.513 [INFO ] [openhab.event.ItemStateChangedEvent ] - Item 'SP2_Power' changed from OFF to ON
2022-03-16 15:25:50.534 [INFO ] [openhab.event.ItemCommandEvent      ] - Item 'Testitem_sp2' received command OFF
2022-03-16 15:25:50.535 [INFO ] [penhab.event.ItemStatePredictedEvent] - Item 'Testitem_sp2' predicted to become OFF
2022-03-16 15:25:50.535 [INFO ] [openhab.event.ItemStateChangedEvent ] - Item 'Testitem_sp2' changed from ON to OFF
2022-03-16 15:25:50.711 [INFO ] [openhab.event.ItemCommandEvent      ] - Item 'Testitem_sp2' received command ON
2022-03-16 15:25:50.711 [INFO ] [penhab.event.ItemStatePredictedEvent] - Item 'Testitem_sp2' predicted to become ON
2022-03-16 15:25:50.712 [INFO ] [openhab.event.ItemStateChangedEvent ] - Item 'Testitem_sp2' changed from OFF to ON
2022-03-16 15:25:50.870 [INFO ] [openhab.event.ItemCommandEvent      ] - Item 'Testitem_sp2' received command OFF
2022-03-16 15:25:50.870 [INFO ] [penhab.event.ItemStatePredictedEvent] - Item 'Testitem_sp2' predicted to become OFF
2022-03-16 15:25:50.871 [INFO ] [openhab.event.ItemStateChangedEvent ] - Item 'Testitem_sp2' changed from ON to OFF
2022-03-16 15:25:51.038 [INFO ] [openhab.event.ItemCommandEvent      ] - Item 'Testitem_sp2' received command ON
2022-03-16 15:25:51.039 [INFO ] [penhab.event.ItemStatePredictedEvent] - Item 'Testitem_sp2' predicted to become ON
2022-03-16 15:25:51.040 [INFO ] [openhab.event.ItemStateChangedEvent ] - Item 'Testitem_sp2' changed from OFF to ON
2022-03-16 15:25:51.061 [INFO ] [openhab.event.ItemStateChangedEvent ] - Item 'SP2_Power' changed from ON to OFF
2022-03-16 15:25:51.061 [INFO ] [openhab.event.ItemStateChangedEvent ] - Item 'Testitem_sp2' changed from ON to OFF
2022-03-16 15:25:51.198 [INFO ] [openhab.event.ItemCommandEvent      ] - Item 'Testitem_sp2' received command ON
2022-03-16 15:25:51.199 [INFO ] [penhab.event.ItemStatePredictedEvent] - Item 'Testitem_sp2' predicted to become ON
2022-03-16 15:25:51.199 [INFO ] [openhab.event.ItemStateChangedEvent ] - Item 'Testitem_sp2' changed from OFF to ON
2022-03-16 15:25:51.351 [INFO ] [openhab.event.ItemStateChangedEvent ] - Item 'SP2_Power' changed from OFF to ON
2022-03-16 15:25:51.374 [INFO ] [openhab.event.ItemCommandEvent      ] - Item 'Testitem_sp2' received command OFF
2022-03-16 15:25:51.374 [INFO ] [penhab.event.ItemStatePredictedEvent] - Item 'Testitem_sp2' predicted to become OFF
2022-03-16 15:25:51.375 [INFO ] [openhab.event.ItemStateChangedEvent ] - Item 'Testitem_sp2' changed from ON to OFF
2022-03-16 15:25:51.559 [INFO ] [openhab.event.ItemCommandEvent      ] - Item 'Testitem_sp2' received command ON
2022-03-16 15:25:51.559 [INFO ] [penhab.event.ItemStatePredictedEvent] - Item 'Testitem_sp2' predicted to become ON
2022-03-16 15:25:51.560 [INFO ] [openhab.event.ItemStateChangedEvent ] - Item 'Testitem_sp2' changed from OFF to ON
2022-03-16 15:25:51.638 [INFO ] [openhab.event.ItemStateChangedEvent ] - Item 'SP2_Power' changed from ON to OFF
2022-03-16 15:25:51.638 [INFO ] [openhab.event.ItemStateChangedEvent ] - Item 'Testitem_sp2' changed from ON to OFF
2022-03-16 15:25:51.719 [INFO ] [openhab.event.ItemCommandEvent      ] - Item 'Testitem_sp2' received command ON
2022-03-16 15:25:51.719 [INFO ] [penhab.event.ItemStatePredictedEvent] - Item 'Testitem_sp2' predicted to become ON
2022-03-16 15:25:51.720 [INFO ] [openhab.event.ItemStateChangedEvent ] - Item 'Testitem_sp2' changed from OFF to ON
2022-03-16 15:25:51.862 [INFO ] [openhab.event.ItemCommandEvent      ] - Item 'Testitem_sp2' received command OFF
2022-03-16 15:25:51.862 [INFO ] [penhab.event.ItemStatePredictedEvent] - Item 'Testitem_sp2' predicted to become OFF
2022-03-16 15:25:51.863 [INFO ] [openhab.event.ItemStateChangedEvent ] - Item 'Testitem_sp2' changed from ON to OFF
2022-03-16 15:25:52.070 [INFO ] [openhab.event.ItemCommandEvent      ] - Item 'Testitem_sp2' received command ON
2022-03-16 15:25:52.071 [INFO ] [penhab.event.ItemStatePredictedEvent] - Item 'Testitem_sp2' predicted to become ON
2022-03-16 15:25:52.071 [INFO ] [openhab.event.ItemStateChangedEvent ] - Item 'Testitem_sp2' changed from OFF to ON
2022-03-16 15:25:52.163 [INFO ] [openhab.event.ItemStateChangedEvent ] - Item 'SP2_Power' changed from OFF to ON
2022-03-16 15:25:52.263 [INFO ] [openhab.event.ItemCommandEvent      ] - Item 'Testitem_sp2' received command OFF
2022-03-16 15:25:52.263 [INFO ] [penhab.event.ItemStatePredictedEvent] - Item 'Testitem_sp2' predicted to become OFF
2022-03-16 15:25:52.264 [INFO ] [openhab.event.ItemStateChangedEvent ] - Item 'Testitem_sp2' changed from ON to OFF
2022-03-16 15:25:52.439 [INFO ] [openhab.event.ItemCommandEvent      ] - Item 'Testitem_sp2' received command ON
2022-03-16 15:25:52.439 [INFO ] [penhab.event.ItemStatePredictedEvent] - Item 'Testitem_sp2' predicted to become ON
2022-03-16 15:25:52.440 [INFO ] [openhab.event.ItemStateChangedEvent ] - Item 'Testitem_sp2' changed from OFF to ON
2022-03-16 15:25:52.447 [INFO ] [openhab.event.ItemStateChangedEvent ] - Item 'SP2_Power' changed from ON to OFF
2022-03-16 15:25:52.447 [INFO ] [openhab.event.ItemStateChangedEvent ] - Item 'Testitem_sp2' changed from ON to OFF
2022-03-16 15:25:52.638 [INFO ] [openhab.event.ItemCommandEvent      ] - Item 'Testitem_sp2' received command ON
2022-03-16 15:25:52.639 [INFO ] [penhab.event.ItemStatePredictedEvent] - Item 'Testitem_sp2' predicted to become ON
2022-03-16 15:25:52.639 [INFO ] [openhab.event.ItemStateChangedEvent ] - Item 'Testitem_sp2' changed from OFF to ON
2022-03-16 15:25:53.095 [INFO ] [openhab.event.ItemStateChangedEvent ] - Item 'SP2_Power' changed from OFF to ON
2022-03-16 15:25:53.682 [INFO ] [openhab.event.ItemStateChangedEvent ] - Item 'SP2_Power' changed from ON to OFF
2022-03-16 15:25:53.683 [INFO ] [openhab.event.ItemStateChangedEvent ] - Item 'Testitem_sp2' changed from ON to OFF
2022-03-16 15:25:54.323 [INFO ] [openhab.event.ItemStateChangedEvent ] - Item 'SP2_Power' changed from OFF to ON
2022-03-16 15:25:54.324 [INFO ] [openhab.event.ItemStateChangedEvent ] - Item 'Testitem_sp2' changed from OFF to ON
2022-03-16 15:25:54.901 [INFO ] [openhab.event.ItemStateChangedEvent ] - Item 'SP2_Power' changed from ON to OFF
2022-03-16 15:25:54.902 [INFO ] [openhab.event.ItemStateChangedEvent ] - Item 'Testitem_sp2' changed from ON to OFF
2022-03-16 15:25:55.194 [INFO ] [openhab.event.ItemStateChangedEvent ] - Item 'SP2_Power' changed from OFF to ON
2022-03-16 15:25:55.195 [INFO ] [openhab.event.ItemStateChangedEvent ] - Item 'Testitem_sp2' changed from OFF to ON
2022-03-16 15:25:55.487 [INFO ] [openhab.event.ItemStateChangedEvent ] - Item 'SP2_Power' changed from ON to OFF
2022-03-16 15:25:55.487 [INFO ] [openhab.event.ItemStateChangedEvent ] - Item 'Testitem_sp2' changed from ON to OFF
2022-03-16 15:26:02.713 [INFO ] [openhab.event.ItemStateChangedEvent ] - Item 'SP2_Power' changed from OFF to ON
2022-03-16 15:26:02.714 [INFO ] [openhab.event.ItemStateChangedEvent ] - Item 'Testitem_sp2' changed from OFF to ON
2022-03-17 11:16:31.370 [INFO ] [ab.event.ThingStatusInfoChangedEvent] - Thing 'tplinksmarthome:hs100:9D12EA' changed from ONLINE to OFFLINE (COMMUNICATION_ERROR): No route to host: connect
2022-03-17 11:16:31.373 [INFO ] [ab.event.ThingStatusInfoChangedEvent] - Thing 'tplinksmarthome:hs100:9C0AB7' changed from ONLINE to OFFLINE (COMMUNICATION_ERROR): No route to host: connect
2022-03-17 11:16:31.373 [INFO ] [openhab.event.ItemStateChangedEvent ] - Item 'SP2_Power' changed from ON to UNDEF
2022-03-17 11:16:31.374 [INFO ] [openhab.event.ItemStateChangedEvent ] - Item 'SP1_Power' changed from OFF to UNDEF
2022-03-17 11:16:31.428 [INFO ] [ab.event.ThingStatusInfoChangedEvent] - Thing 'tplinksmarthome:hs100:9D12EA' changed from OFFLINE (COMMUNICATION_ERROR): No route to host: connect to ONLINE
2022-03-17 11:16:31.477 [INFO ] [ab.event.ThingStatusInfoChangedEvent] - Thing 'tplinksmarthome:hs100:9C0AB7' changed from OFFLINE (COMMUNICATION_ERROR): No route to host: connect to ONLINE
2022-03-17 11:17:01.509 [INFO ] [openhab.event.ItemStateChangedEvent ] - Item 'SP2_Power' changed from UNDEF to ON
2022-03-17 11:17:01.672 [INFO ] [openhab.event.ItemStateChangedEvent ] - Item 'SP1_Power' changed from UNDEF to OFF
2022-03-17 11:29:10.817 [INFO ] [ab.event.ThingStatusInfoChangedEvent] - Thing 'tplinksmarthome:hs100:9D12EA' changed from ONLINE to REMOVING
2022-03-17 11:29:10.818 [INFO ] [ab.event.ThingStatusInfoChangedEvent] - Thing 'tplinksmarthome:hs100:9D12EA' changed from REMOVING to REMOVED
2022-03-17 11:29:10.822 [INFO ] [ab.event.ThingStatusInfoChangedEvent] - Thing 'tplinksmarthome:hs100:9D12EA' changed from REMOVED to UNINITIALIZED
2022-03-17 11:29:10.826 [INFO ] [ab.event.ThingStatusInfoChangedEvent] - Thing 'tplinksmarthome:hs100:9D12EA' changed from UNINITIALIZED to UNINITIALIZED (HANDLER_MISSING_ERROR)
2022-03-17 11:29:18.415 [INFO ] [openhab.event.InboxAddedEvent       ] - Discovery Result with UID 'tplinksmarthome:hs100:9D12EA' has been added.
2022-03-17 11:36:24.310 [INFO ] [openhab.event.InboxRemovedEvent     ] - Discovery Result with UID 'tplinksmarthome:hs100:9D12EA' has been removed.
2022-03-17 11:36:24.312 [INFO ] [ab.event.ThingStatusInfoChangedEvent] - Thing 'tplinksmarthome:hs100:9D12EA' changed from UNINITIALIZED to INITIALIZING
2022-03-17 11:36:24.315 [INFO ] [ab.event.ThingStatusInfoChangedEvent] - Thing 'tplinksmarthome:hs100:9D12EA' changed from INITIALIZING to UNKNOWN
2022-03-17 11:36:54.462 [INFO ] [ab.event.ThingStatusInfoChangedEvent] - Thing 'tplinksmarthome:hs100:9D12EA' changed from UNKNOWN to ONLINE
2022-03-17 11:36:54.823 [INFO ] [ab.event.ThingStatusInfoChangedEvent] - Thing 'tplinksmarthome:hs100:9D12EA' changed from ONLINE to REMOVING
2022-03-17 11:36:54.823 [INFO ] [ab.event.ThingStatusInfoChangedEvent] - Thing 'tplinksmarthome:hs100:9D12EA' changed from REMOVING to REMOVED
2022-03-17 11:36:54.826 [INFO ] [ab.event.ThingStatusInfoChangedEvent] - Thing 'tplinksmarthome:hs100:9D12EA' changed from REMOVED to UNINITIALIZED
2022-03-17 11:36:54.832 [INFO ] [ab.event.ThingStatusInfoChangedEvent] - Thing 'tplinksmarthome:hs100:9D12EA' changed from UNINITIALIZED to UNINITIALIZED (HANDLER_MISSING_ERROR)
2022-03-17 11:36:59.184 [INFO ] [openhab.event.InboxAddedEvent       ] - Discovery Result with UID 'tplinksmarthome:hs100:9D12EA' has been added.
2022-03-17 11:41:47.137 [INFO ] [openhab.event.InboxRemovedEvent     ] - Discovery Result with UID 'tplinksmarthome:hs100:9D12EA' has been removed.
2022-03-17 11:41:47.138 [INFO ] [ab.event.ThingStatusInfoChangedEvent] - Thing 'tplinksmarthome:hs100:9D12EA' changed from UNINITIALIZED to INITIALIZING
2022-03-17 11:41:47.142 [INFO ] [ab.event.ThingStatusInfoChangedEvent] - Thing 'tplinksmarthome:hs100:9D12EA' changed from INITIALIZING to UNKNOWN
2022-03-17 11:42:17.265 [INFO ] [ab.event.ThingStatusInfoChangedEvent] - Thing 'tplinksmarthome:hs100:9D12EA' changed from UNKNOWN to ONLINE
2022-03-17 11:43:39.867 [INFO ] [openhab.event.ItemStateChangedEvent ] - Item 'Testitem_sp2' changed from NULL to ON
2022-03-17 11:43:57.502 [INFO ] [openhab.event.ItemStateChangedEvent ] - Item 'Testitem_sp2' changed from NULL to ON
2022-03-17 11:49:55.059 [INFO ] [openhab.event.ItemCommandEvent      ] - Item 'Testitem_sp2' received command OFF
2022-03-17 11:49:55.060 [INFO ] [penhab.event.ItemStatePredictedEvent] - Item 'Testitem_sp2' predicted to become OFF
2022-03-17 11:49:55.062 [INFO ] [openhab.event.ItemStateChangedEvent ] - Item 'Testitem_sp2' changed from ON to OFF
2022-03-17 11:49:55.364 [INFO ] [openhab.event.ItemStateChangedEvent ] - Item 'SP2_Power' changed from ON to OFF
2022-03-17 11:49:55.514 [INFO ] [openhab.event.ItemCommandEvent      ] - Item 'Testitem_sp2' received command ON
2022-03-17 11:49:55.515 [INFO ] [penhab.event.ItemStatePredictedEvent] - Item 'Testitem_sp2' predicted to become ON
2022-03-17 11:49:55.515 [INFO ] [openhab.event.ItemStateChangedEvent ] - Item 'Testitem_sp2' changed from OFF to ON
2022-03-17 11:49:56.002 [INFO ] [openhab.event.ItemCommandEvent      ] - Item 'Testitem_sp2' received command OFF
2022-03-17 11:49:56.002 [INFO ] [penhab.event.ItemStatePredictedEvent] - Item 'Testitem_sp2' predicted to become OFF
2022-03-17 11:49:56.003 [INFO ] [openhab.event.ItemStateChangedEvent ] - Item 'Testitem_sp2' changed from ON to OFF
2022-03-17 11:49:56.114 [INFO ] [openhab.event.ItemStateChangedEvent ] - Item 'SP2_Power' changed from OFF to ON
2022-03-17 11:49:56.115 [INFO ] [openhab.event.ItemStateChangedEvent ] - Item 'Testitem_sp2' changed from OFF to ON
2022-03-17 11:49:56.403 [INFO ] [openhab.event.ItemStateChangedEvent ] - Item 'SP2_Power' changed from ON to OFF
2022-03-17 11:49:56.404 [INFO ] [openhab.event.ItemStateChangedEvent ] - Item 'Testitem_sp2' changed from ON to OFF
2022-03-17 11:49:56.529 [INFO ] [openhab.event.ItemCommandEvent      ] - Item 'Testitem_sp2' received command ON
2022-03-17 11:49:56.530 [INFO ] [penhab.event.ItemStatePredictedEvent] - Item 'Testitem_sp2' predicted to become ON
2022-03-17 11:49:56.531 [INFO ] [openhab.event.ItemStateChangedEvent ] - Item 'Testitem_sp2' changed from OFF to ON
2022-03-17 11:49:57.061 [INFO ] [openhab.event.ItemStateChangedEvent ] - Item 'SP2_Power' changed from OFF to ON
2022-03-17 12:05:40.890 [INFO ] [ab.event.ThingStatusInfoChangedEvent] - Thing 'tplinksmarthome:hs100:9D12EA' changed from ONLINE to OFFLINE (COMMUNICATION_ERROR): Connection timed out: connect
2022-03-17 12:05:40.891 [INFO ] [openhab.event.ItemStateChangedEvent ] - Item 'SP2_Power' changed from ON to UNDEF
2022-03-17 12:05:40.975 [INFO ] [ab.event.ThingStatusInfoChangedEvent] - Thing 'tplinksmarthome:hs100:9D12EA' changed from OFFLINE (COMMUNICATION_ERROR): Connection timed out: connect to ONLINE
2022-03-17 12:06:11.144 [INFO ] [openhab.event.ItemStateChangedEvent ] - Item 'SP2_Power' changed from UNDEF to ON
2022-03-17 12:10:21.604 [INFO ] [ab.event.ThingStatusInfoChangedEvent] - Thing 'tplinksmarthome:hs100:9D12EA' changed from ONLINE to OFFLINE (COMMUNICATION_ERROR): Read timed out
2022-03-17 12:10:21.605 [INFO ] [openhab.event.ItemStateChangedEvent ] - Item 'SP2_Power' changed from ON to UNDEF
2022-03-17 12:10:21.918 [INFO ] [ab.event.ThingStatusInfoChangedEvent] - Thing 'tplinksmarthome:hs100:9D12EA' changed from OFFLINE (COMMUNICATION_ERROR): Read timed out to ONLINE
2022-03-17 12:10:52.083 [INFO ] [openhab.event.ItemStateChangedEvent ] - Item 'SP2_Power' changed from UNDEF to ON
2022-03-17 12:39:35.239 [INFO ] [ab.event.ThingStatusInfoChangedEvent] - Thing 'tplinksmarthome:hs100:9D12EA' changed from ONLINE to REMOVING
2022-03-17 12:39:35.240 [INFO ] [ab.event.ThingStatusInfoChangedEvent] - Thing 'tplinksmarthome:hs100:9D12EA' changed from REMOVING to REMOVED
2022-03-17 12:39:35.242 [INFO ] [ab.event.ThingStatusInfoChangedEvent] - Thing 'tplinksmarthome:hs100:9D12EA' changed from REMOVED to UNINITIALIZED
2022-03-17 12:39:35.246 [INFO ] [ab.event.ThingStatusInfoChangedEvent] - Thing 'tplinksmarthome:hs100:9D12EA' changed from UNINITIALIZED to UNINITIALIZED (HANDLER_MISSING_ERROR)
2022-03-17 12:39:40.784 [INFO ] [openhab.event.InboxAddedEvent       ] - Discovery Result with UID 'tplinksmarthome:hs100:9D12EA' has been added.
2022-03-24 13:06:26.159 [INFO ] [ab.event.ThingStatusInfoChangedEvent] - Thing 'tplinksmarthome:hs100:9C0AB7' changed from ONLINE to OFFLINE (COMMUNICATION_ERROR): No route to host: connect
2022-03-24 13:06:26.160 [INFO ] [openhab.event.ItemStateChangedEvent ] - Item 'SP1_Power' changed from OFF to UNDEF
2022-03-24 13:06:51.984 [INFO ] [ab.event.ThingStatusInfoChangedEvent] - Thing 'tplinksmarthome:hs100:9C0AB7' changed from OFFLINE (COMMUNICATION_ERROR): No route to host: connect to ONLINE
2022-03-24 13:06:51.985 [INFO ] [openhab.event.ItemStateChangedEvent ] - Item 'SP1_Power' changed from UNDEF to OFF
2022-03-24 13:39:14.915 [INFO ] [ab.event.ThingStatusInfoChangedEvent] - Thing 'tplinksmarthome:hs100:9C0AB7' changed from ONLINE to UNINITIALIZED
2022-03-24 13:39:14.918 [INFO ] [ab.event.ThingStatusInfoChangedEvent] - Thing 'tplinksmarthome:hs100:9C0AB7' changed from UNINITIALIZED to UNINITIALIZED (HANDLER_MISSING_ERROR)
2022-03-24 13:39:14.939 [INFO ] [ab.event.ThingStatusInfoChangedEvent] - Thing 'zwave:device:1de192772d:node27' changed from OFFLINE (BRIDGE_OFFLINE): Controller is offline to UNINITIALIZED
2022-03-24 13:39:14.944 [INFO ] [ab.event.ThingStatusInfoChangedEvent] - Thing 'zwave:device:1de192772d:node27' changed from UNINITIALIZED to UNINITIALIZED (HANDLER_MISSING_ERROR)
2022-03-24 13:39:14.944 [INFO ] [ab.event.ThingStatusInfoChangedEvent] - Thing 'zwave:serial_zstick:1de192772d' changed from OFFLINE (BRIDGE_OFFLINE): Controller is offline to UNINITIALIZED
2022-03-24 13:39:14.949 [INFO ] [ab.event.ThingStatusInfoChangedEvent] - Thing 'zwave:serial_zstick:1de192772d' changed from UNINITIALIZED to UNINITIALIZED (HANDLER_MISSING_ERROR)
